
> @matchflow/web@1.0.0 dev
> next dev -p 3000

  ▲ Next.js 14.2.35
  - Local:        http://localhost:3000

 ✓ Starting...
 ✓ Ready in 3s
 ○ Compiling /chat ...
 ✓ Compiled /chat in 4.4s (629 modules)
[concourse-graph] cache MISS — graph loaded from module bundle (first access)
 GET /chat 200 in 4660ms
 ✓ Compiled / in 317ms (621 modules)
 GET / 200 in 454ms
 GET / 200 in 71ms
 GET / 200 in 70ms
 GET / 200 in 44ms
 GET / 200 in 72ms
 GET / 200 in 59ms
 GET / 200 in 66ms
 GET / 200 in 59ms
 GET / 200 in 43ms
 GET / 200 in 88ms
 ✓ Compiled /accessibility in 461ms (620 modules)
[concourse-graph] cache MISS — graph loaded from module bundle (first access)
 GET /accessibility 200 in 630ms
 ✓ Compiled /api/auth/session in 266ms (364 modules)
 GET /api/auth/session 401 in 387ms
 POST /api/auth/session 200 in 388ms
 POST /api/auth/session 200 in 395ms
 GET /api/auth/session 401 in 10ms
 ✓ Compiled /chat in 99ms (377 modules)
[concourse-graph] cache MISS — graph loaded from module bundle (first access)
 GET /chat 200 in 266ms
 GET /api/auth/session 200 in 27ms
 POST /api/auth/session 200 in 30ms
 POST /api/auth/session 200 in 35ms
 ✓ Compiled /api/db in 204ms (384 modules)
 GET /api/auth/session 200 in 562ms
 GET /api/db?coll=congestionState 200 in 583ms
 GET /api/db?coll=congestionState 200 in 10ms
 GET / 200 in 90ms
 GET / 200 in 57ms
 ○ Compiling /login ...
 ✓ Compiled /login in 590ms (704 modules)
 GET /login 200 in 734ms
 POST /api/auth/session 200 in 23ms
 GET / 200 in 34ms
 ✓ Compiled /home in 434ms (718 modules)
 GET /api/auth/session 200 in 473ms
 GET /api/auth/session 200 in 25ms
 GET /login 200 in 113ms
 POST /api/auth/session 200 in 25ms
 ✓ Compiled /onboarding in 332ms (726 modules)
[concourse-graph] cache MISS — graph loaded from module bundle (first access)
 GET /onboarding 200 in 408ms
 GET /api/auth/session 200 in 18ms
 POST /api/auth/session 200 in 21ms
 POST /api/auth/session 200 in 21ms
 GET /api/auth/session 200 in 14ms
 GET /login 200 in 106ms
 POST /api/auth/session 200 in 25ms
 GET /home 200 in 35ms
 GET /api/auth/session 200 in 20ms
 POST /api/auth/session 200 in 24ms
 POST /api/auth/session 200 in 25ms
 GET /api/auth/session 200 in 18ms
 GET /login 200 in 92ms
 POST /api/auth/session 200 in 27ms
 GET /chat 200 in 43ms
 GET /api/auth/session 200 in 18ms
 POST /api/auth/session 200 in 20ms
 POST /api/auth/session 200 in 24ms
 GET /api/auth/session 200 in 21ms
 GET /api/db?coll=congestionState 200 in 38ms
 GET /api/db?coll=congestionState 200 in 16ms
 GET /login 200 in 63ms
 POST /api/auth/session 200 in 21ms
 ✓ Compiled /map in 499ms (736 modules)
[concourse-graph] cache MISS — graph loaded from module bundle (first access)
 GET /map 200 in 578ms
 GET /api/db?coll=congestionState 200 in 28ms
 GET /api/auth/session 200 in 34ms
 POST /api/auth/session 200 in 38ms
 POST /api/auth/session 200 in 55ms
 GET /api/db?coll=congestionState 200 in 55ms
 GET /api/auth/session 200 in 50ms
 GET /login 200 in 59ms
 POST /api/auth/session 200 in 26ms
 ✓ Compiled /exit in 449ms (752 modules)
[concourse-graph] cache MISS — graph loaded from module bundle (first access)
 GET /exit 200 in 545ms
 GET /api/db?coll=congestionState 200 in 33ms
 GET /api/auth/session 200 in 39ms
 POST /api/auth/session 200 in 44ms
 POST /api/auth/session 200 in 33ms
 GET /api/db?coll=congestionState 200 in 18ms
 GET /api/auth/session 200 in 24ms
 ✓ Compiled /api/rank-egress in 274ms (429 modules)
 POST /api/rank-egress 200 in 813ms
 GET /login 200 in 56ms
 POST /api/auth/session 200 in 26ms
 ✓ Compiled /sustainability in 364ms (766 modules)
[concourse-graph] cache MISS — graph loaded from module bundle (first access)
 GET /sustainability 200 in 433ms
 POST /api/auth/session 200 in 28ms
 GET /api/auth/session 200 in 44ms
 POST /api/auth/session 200 in 37ms
 GET /api/auth/session 200 in 13ms
 GET /login 200 in 72ms
 POST /api/auth/session 200 in 20ms
 GET /accessibility 200 in 37ms
 GET /api/auth/session 200 in 14ms
 POST /api/auth/session 200 in 17ms
 POST /api/auth/session 200 in 20ms
 GET /api/auth/session 200 in 17ms
 GET /login 200 in 34ms
 POST /api/auth/session 200 in 26ms
 ✓ Compiled /language in 477ms (776 modules)
[concourse-graph] cache MISS — graph loaded from module bundle (first access)
 GET /language 200 in 543ms
 GET /api/auth/session 200 in 21ms
 POST /api/auth/session 200 in 25ms
 POST /api/auth/session 200 in 25ms
 GET /api/auth/session 200 in 16ms
 GET /login 200 in 85ms
 POST /api/auth/session 200 in 22ms
 GET /login 200 in 31ms
 GET /api/auth/session 200 in 12ms
 GET /api/auth/session 200 in 10ms
 GET /login 200 in 91ms
 POST /api/auth/session 200 in 41ms
 ○ Compiling /dashboard ...
 ✓ Compiled /dashboard in 578ms (788 modules)
[concourse-graph] cache MISS — graph loaded from module bundle (first access)
 GET /dashboard 200 in 661ms
 GET /api/auth/session 200 in 15ms
 GET /api/auth/session 200 in 10ms
 GET /api/db?coll=incidents 200 in 25ms
 GET /api/db?coll=congestionState 200 in 26ms
 GET /api/db?coll=incidents 200 in 27ms
 GET /api/db?coll=congestionState 200 in 27ms
 GET /login 200 in 66ms
 POST /api/auth/session 200 in 38ms
 ○ Compiling /volunteer ...
 ✓ Compiled /volunteer in 821ms (806 modules)
[concourse-graph] cache MISS — graph loaded from module bundle (first access)
 GET /api/auth/session 200 in 17ms
 GET /volunteer 200 in 920ms
 GET /api/auth/session 200 in 11ms
 GET /api/auth/session 200 in 8ms
 GET /login 200 in 75ms
 POST /api/auth/session 200 in 25ms
 ✓ Compiled /admin in 480ms (816 modules)
[concourse-graph] cache MISS — graph loaded from module bundle (first access)
 GET /admin 200 in 542ms
 GET /api/auth/session 200 in 16ms
 GET /api/auth/session 200 in 10ms
 GET /api/db?coll=incidents 200 in 18ms
 GET /api/db?coll=dispatches 200 in 18ms
 GET /api/db?coll=incidents 200 in 15ms
 GET /api/db?coll=dispatches 200 in 16ms
 GET /login 200 in 39ms
 POST /api/auth/session 200 in 21ms
 GET /chat 200 in 32ms
 GET /api/auth/session 200 in 19ms
 POST /api/auth/session 200 in 23ms
 POST /api/auth/session 200 in 26ms
 GET /api/auth/session 200 in 29ms
 GET /api/db?coll=congestionState 200 in 26ms
 GET /api/db?coll=congestionState 200 in 14ms
 ✓ Compiled /api/concierge in 474ms (479 modules)
 GET /login 200 in 101ms
 POST /api/auth/session 200 in 22ms
[concourse-graph] cache MISS — graph loaded from module bundle (first access)
 GET /volunteer 200 in 42ms
 GET /api/auth/session 200 in 12ms
 GET /api/auth/session 200 in 9ms
 GET /accessibility 200 in 83ms
 GET /api/auth/session 401 in 20ms
 POST /api/auth/session 200 in 23ms
 POST /api/auth/session 200 in 23ms
 GET /api/auth/session 401 in 13ms
 GET /accessibility 200 in 79ms
 GET /api/auth/session 401 in 14ms
 POST /api/auth/session 200 in 16ms
 POST /api/auth/session 200 in 18ms
 GET /api/auth/session 401 in 14ms
 GET /chat 200 in 88ms
 GET /api/auth/session 200 in 18ms
 POST /api/auth/session 200 in 20ms
 POST /api/auth/session 200 in 24ms
 GET /api/auth/session 200 in 15ms
 GET /api/db?coll=congestionState 200 in 129ms
 GET /api/db?coll=congestionState 200 in 46ms
 POST /api/concierge 200 in 695ms
 GET /login 200 in 89ms
 POST /api/auth/session 200 in 22ms
 GET /chat 200 in 27ms
 GET /api/auth/session 200 in 17ms
 POST /api/auth/session 200 in 19ms
 POST /api/auth/session 200 in 25ms
 GET /api/auth/session 200 in 19ms
 GET /api/db?coll=congestionState 200 in 25ms
 GET /api/db?coll=congestionState 200 in 10ms
 GET /login 200 in 84ms
 POST /api/auth/session 200 in 22ms
 GET /chat 200 in 30ms
 GET /api/auth/session 200 in 17ms
 POST /api/auth/session 200 in 19ms
 POST /api/auth/session 200 in 20ms
 GET /api/auth/session 200 in 21ms
 GET /api/db?coll=congestionState 200 in 21ms
 GET /api/db?coll=congestionState 200 in 11ms
 GET /login 200 in 62ms
 POST /api/auth/session 200 in 22ms
 GET /chat 200 in 31ms
 GET /api/auth/session 200 in 14ms
 POST /api/auth/session 200 in 16ms
 POST /api/auth/session 200 in 22ms
 GET /api/auth/session 200 in 21ms
 GET /api/db?coll=congestionState 200 in 23ms
 GET /api/db?coll=congestionState 200 in 9ms
 GET /login 200 in 38ms
 POST /api/auth/session 200 in 23ms
 GET /accessibility 200 in 33ms
 GET /api/auth/session 200 in 15ms
 POST /api/auth/session 200 in 17ms
 POST /api/auth/session 200 in 20ms
 GET /api/auth/session 200 in 16ms
 GET /login 200 in 69ms
 POST /api/auth/session 200 in 23ms
 GET /volunteer 200 in 29ms
 GET /api/auth/session 200 in 11ms
 GET /api/auth/session 200 in 10ms
 GET /login 200 in 87ms
 POST /api/auth/session 200 in 24ms
 GET /onboarding 200 in 32ms
 GET /api/auth/session 200 in 16ms
 POST /api/auth/session 200 in 20ms
 POST /api/auth/session 200 in 19ms
 GET /api/auth/session 200 in 15ms
 GET /login 200 in 67ms
 POST /api/auth/session 200 in 35ms
 GET /accessibility 200 in 32ms
 GET /api/auth/session 200 in 16ms
 POST /api/auth/session 200 in 18ms
 POST /api/auth/session 200 in 19ms
 GET /api/auth/session 200 in 13ms
 GET /login 200 in 74ms
 POST /api/auth/session 200 in 28ms
 GET /chat 200 in 31ms
 GET /api/auth/session 200 in 16ms
 POST /api/auth/session 200 in 18ms
 POST /api/auth/session 200 in 25ms
 GET /api/auth/session 200 in 21ms
 GET /api/db?coll=congestionState 200 in 24ms
 GET /api/db?coll=congestionState 200 in 10ms
 GET /login 200 in 90ms
 POST /api/auth/session 200 in 33ms
 GET /accessibility 200 in 35ms
 GET /api/auth/session 200 in 16ms
 POST /api/auth/session 200 in 20ms
 POST /api/auth/session 200 in 20ms
 GET /api/auth/session 200 in 12ms
 GET /login 200 in 76ms
 POST /api/auth/session 200 in 25ms
 GET /chat 200 in 36ms
 GET /api/auth/session 200 in 14ms
 POST /api/auth/session 200 in 18ms
 POST /api/auth/session 200 in 18ms
 GET /api/auth/session 200 in 34ms
 GET /api/db?coll=congestionState 200 in 75ms
 GET /api/db?coll=congestionState 200 in 46ms
 GET /login 200 in 67ms
 POST /api/auth/session 200 in 22ms
 GET /chat 200 in 28ms
 GET /api/auth/session 200 in 16ms
 POST /api/auth/session 200 in 20ms
 POST /api/auth/session 200 in 21ms
 GET /api/auth/session 200 in 20ms
 GET /api/db?coll=congestionState 200 in 18ms
 GET /api/db?coll=congestionState 200 in 11ms
 GET /login 200 in 84ms
 POST /api/auth/session 200 in 23ms
 GET /chat 200 in 26ms
 GET /api/auth/session 200 in 14ms
 POST /api/auth/session 200 in 16ms
 POST /api/auth/session 200 in 21ms
 GET /api/auth/session 200 in 20ms
 GET /api/db?coll=congestionState 200 in 23ms
 GET /api/db?coll=congestionState 200 in 11ms
